Performing C SOURCE FILE Test CMAKE_HAVE_LIBC_PTHREAD failed with the following output:
Change Dir: /home/xxd/dyg/image_stitch/mine/NISwGSP/UglyMan_NISwGSP_Stitching/UglyMan_NISwGSP_Stitching/siftgpu/build/CMakeFiles/CMakeTmp

Run Build Command(s):/usr/bin/make cmTC_d185f/fast && /usr/bin/make  -f CMakeFiles/cmTC_d185f.dir/build.make CMakeFiles/cmTC_d185f.dir/build
make[1]: Entering directory '/home/xxd/dyg/image_stitch/mine/NISwGSP/UglyMan_NISwGSP_Stitching/UglyMan_NISwGSP_Stitching/siftgpu/build/CMakeFiles/CMakeTmp'
Building C object CMakeFiles/cmTC_d185f.dir/src.c.o
/usr/bin/cc -DCMAKE_HAVE_LIBC_PTHREAD  -fPIC  -o CMakeFiles/cmTC_d185f.dir/src.c.o -c /home/xxd/dyg/image_stitch/mine/NISwGSP/UglyMan_NISwGSP_Stitching/UglyMan_NISwGSP_Stitching/siftgpu/build/CMakeFiles/CMakeTmp/src.c
Linking C executable cmTC_d185f
/usr/local/bin/cmake -E cmake_link_script CMakeFiles/cmTC_d185f.dir/link.txt --verbose=1
/usr/bin/cc -fPIC  -rdynamic CMakeFiles/cmTC_d185f.dir/src.c.o -o cmTC_d185f 
/usr/bin/ld: CMakeFiles/cmTC_d185f.dir/src.c.o: in function `main':
src.c:(.text+0x46): undefined reference to `pthread_create'
/usr/bin/ld: src.c:(.text+0x52): undefined reference to `pthread_detach'
/usr/bin/ld: src.c:(.text+0x5e): undefined reference to `pthread_cancel'
/usr/bin/ld: src.c:(.text+0x6f): undefined reference to `pthread_join'
collect2: error: ld returned 1 exit status
make[1]: *** [CMakeFiles/cmTC_d185f.dir/build.make:106: cmTC_d185f] Error 1
make[1]: Leaving directory '/home/xxd/dyg/image_stitch/mine/NISwGSP/UglyMan_NISwGSP_Stitching/UglyMan_NISwGSP_Stitching/siftgpu/build/CMakeFiles/CMakeTmp'
make: *** [Makefile:140: cmTC_d185f/fast] Error 2


Source file was:
#include <pthread.h>

static void* test_func(void* data)
{
  return data;
}

int main(void)
{
  pthread_t thread;
  pthread_create(&thread, NULL, test_func, NULL);
  pthread_detach(thread);
  pthread_cancel(thread);
  pthread_join(thread, NULL);
  pthread_atfork(NULL, NULL, NULL);
  pthread_exit(NULL);

  return 0;
}

Determining if the function pthread_create exists in the pthreads failed with the following output:
Change Dir: /home/xxd/dyg/image_stitch/mine/NISwGSP/UglyMan_NISwGSP_Stitching/UglyMan_NISwGSP_Stitching/siftgpu/build/CMakeFiles/CMakeTmp

Run Build Command(s):/usr/bin/make cmTC_1e6be/fast && /usr/bin/make  -f CMakeFiles/cmTC_1e6be.dir/build.make CMakeFiles/cmTC_1e6be.dir/build
make[1]: Entering directory '/home/xxd/dyg/image_stitch/mine/NISwGSP/UglyMan_NISwGSP_Stitching/UglyMan_NISwGSP_Stitching/siftgpu/build/CMakeFiles/CMakeTmp'
Building C object CMakeFiles/cmTC_1e6be.dir/CheckFunctionExists.c.o
/usr/bin/cc   -fPIC -DCHECK_FUNCTION_EXISTS=pthread_create -o CMakeFiles/cmTC_1e6be.dir/CheckFunctionExists.c.o -c /usr/local/share/cmake-3.19/Modules/CheckFunctionExists.c
Linking C executable cmTC_1e6be
/usr/local/bin/cmake -E cmake_link_script CMakeFiles/cmTC_1e6be.dir/link.txt --verbose=1
/usr/bin/cc -fPIC -DCHECK_FUNCTION_EXISTS=pthread_create -rdynamic CMakeFiles/cmTC_1e6be.dir/CheckFunctionExists.c.o -o cmTC_1e6be  -lpthreads 
/usr/bin/ld: cannot find -lpthreads
collect2: error: ld returned 1 exit status
make[1]: *** [CMakeFiles/cmTC_1e6be.dir/build.make:106: cmTC_1e6be] Error 1
make[1]: Leaving directory '/home/xxd/dyg/image_stitch/mine/NISwGSP/UglyMan_NISwGSP_Stitching/UglyMan_NISwGSP_Stitching/siftgpu/build/CMakeFiles/CMakeTmp'
make: *** [Makefile:140: cmTC_1e6be/fast] Error 2



